mobicomkit/build/intermediates/manifest_merge_blame_file/debug/manifest-merger-blame-debug-report.txt
1<?xml version="1.0" encoding="utf-8"?>
2<manifest xmlns:android="http://schemas.android.com/apk/res/android"
3    xmlns:tools="http://schemas.android.com/tools"
4    package="com.applozic.mobicomkit" >
5
6    <uses-sdk
7        android:minSdkVersion="16"
7-->src/main/AndroidManifest.xml
8        android:targetSdkVersion="28" />
8-->src/main/AndroidManifest.xml
9
10    <uses-permission
10-->src/main/AndroidManifest.xml:6:5-8:30
11        android:name="android.permission.ACCESS_NETWORK_STATE"
11-->src/main/AndroidManifest.xml:7:9-63
12        tools:node="merge" />
12-->src/main/AndroidManifest.xml:8:9-27
13    <uses-permission
13-->src/main/AndroidManifest.xml:9:5-11:30
14        android:name="android.permission.RECEIVE_BOOT_COMPLETED"
14-->src/main/AndroidManifest.xml:10:9-65
15        tools:node="merge" />
15-->src/main/AndroidManifest.xml:11:9-27
16    <uses-permission
16-->src/main/AndroidManifest.xml:12:5-14:30
17        android:name="android.permission.INTERNET"
17-->src/main/AndroidManifest.xml:13:9-51
18        tools:node="merge" />
18-->src/main/AndroidManifest.xml:14:9-27
19
20    <application>
20-->src/main/AndroidManifest.xml:16:5-73:19
21        <meta-data
21-->src/main/AndroidManifest.xml:17:9-20:34
22            android:name="main_folder_name"
22-->src/main/AndroidManifest.xml:18:13-44
23            android:value="Applozic"
23-->src/main/AndroidManifest.xml:19:13-37
24            tools:node="merge" />
24-->src/main/AndroidManifest.xml:20:13-31
25
26        <service
26-->src/main/AndroidManifest.xml:22:9-26:34
27            android:name="com.applozic.mobicomkit.contact.DeviceContactSyncService"
27-->src/main/AndroidManifest.xml:23:13-84
28            android:exported="false"
28-->src/main/AndroidManifest.xml:24:13-37
29            android:permission="android.permission.BIND_JOB_SERVICE"
29-->src/main/AndroidManifest.xml:25:13-69
30            tools:node="merge" />
30-->src/main/AndroidManifest.xml:26:13-31
31        <service
31-->src/main/AndroidManifest.xml:27:9-31:34
32            android:name="com.applozic.mobicomkit.api.conversation.MessageIntentService"
32-->src/main/AndroidManifest.xml:28:13-89
33            android:exported="false"
33-->src/main/AndroidManifest.xml:29:13-37
34            android:permission="android.permission.BIND_JOB_SERVICE"
34-->src/main/AndroidManifest.xml:30:13-69
35            tools:node="merge" />
35-->src/main/AndroidManifest.xml:31:13-31
36        <service
36-->src/main/AndroidManifest.xml:32:9-36:34
37            android:name="com.applozic.mobicomkit.api.conversation.ApplozicIntentService"
37-->src/main/AndroidManifest.xml:33:13-90
38            android:exported="false"
38-->src/main/AndroidManifest.xml:34:13-37
39            android:permission="android.permission.BIND_JOB_SERVICE"
39-->src/main/AndroidManifest.xml:35:13-69
40            tools:node="merge" />
40-->src/main/AndroidManifest.xml:36:13-31
41        <service
41-->src/main/AndroidManifest.xml:37:9-41:34
42            android:name="com.applozic.mobicomkit.api.conversation.ApplozicMqttIntentService"
42-->src/main/AndroidManifest.xml:38:13-94
43            android:exported="false"
43-->src/main/AndroidManifest.xml:39:13-37
44            android:permission="android.permission.BIND_JOB_SERVICE"
44-->src/main/AndroidManifest.xml:40:13-69
45            tools:node="merge" />
45-->src/main/AndroidManifest.xml:41:13-31
46        <service
46-->src/main/AndroidManifest.xml:42:9-46:34
47            android:name="com.applozic.mobicomkit.api.people.UserIntentService"
47-->src/main/AndroidManifest.xml:43:13-80
48            android:exported="false"
48-->src/main/AndroidManifest.xml:44:13-37
49            android:permission="android.permission.BIND_JOB_SERVICE"
49-->src/main/AndroidManifest.xml:45:13-69
50            tools:node="merge" />
50-->src/main/AndroidManifest.xml:46:13-31
51        <service
51-->src/main/AndroidManifest.xml:48:9-52:34
52            android:name="com.applozic.mobicomkit.api.conversation.ConversationIntentService"
52-->src/main/AndroidManifest.xml:49:13-94
53            android:exported="false"
53-->src/main/AndroidManifest.xml:50:13-37
54            android:permission="android.permission.BIND_JOB_SERVICE"
54-->src/main/AndroidManifest.xml:51:13-69
55            tools:node="merge" />
55-->src/main/AndroidManifest.xml:52:13-31
56
57        <receiver
57-->src/main/AndroidManifest.xml:54:9-61:20
58            android:name="com.applozic.mobicomkit.broadcast.TimeChangeBroadcastReceiver"
58-->src/main/AndroidManifest.xml:55:13-89
59            tools:node="merge" >
59-->src/main/AndroidManifest.xml:56:13-31
60            <intent-filter>
60-->src/main/AndroidManifest.xml:57:13-60:29
61                <action android:name="android.intent.action.TIME_SET" />
61-->src/main/AndroidManifest.xml:58:17-73
61-->src/main/AndroidManifest.xml:58:25-70
62                <action android:name="android.intent.action.TIMEZONE_CHANGED" />
62-->src/main/AndroidManifest.xml:59:17-81
62-->src/main/AndroidManifest.xml:59:25-78
63            </intent-filter>
64        </receiver>
65        <receiver
65-->src/main/AndroidManifest.xml:63:9-72:20
66            android:name="com.applozic.mobicomkit.broadcast.ConnectivityReceiver"
66-->src/main/AndroidManifest.xml:64:13-82
67            android:enabled="true"
67-->src/main/AndroidManifest.xml:65:13-35
68            android:exported="true"
68-->src/main/AndroidManifest.xml:66:13-36
69            tools:node="merge" >
69-->src/main/AndroidManifest.xml:67:13-31
70            <intent-filter>
70-->src/main/AndroidManifest.xml:68:13-71:29
71                <action android:name="android.intent.action.BOOT_COMPLETED" />
71-->src/main/AndroidManifest.xml:69:17-79
71-->src/main/AndroidManifest.xml:69:25-76
72                <action android:name="android.intent.action.QUICKBOOT_POWERON" />
72-->src/main/AndroidManifest.xml:70:17-82
72-->src/main/AndroidManifest.xml:70:25-79
73            </intent-filter>
74        </receiver>
75    </application>
76
77</manifest>